BD
SET_METRIC
C
BEGIN_EINRICHTEPLAN_INFO
C
ZA,MM,28
MM,AT,1,  10,1,1,,'Maschine'                              ,,'',T
MM,AT,1,  20,1,1,,'Typ'                                   ,,'',Z
MM,AT,1,  30,1,1,,'Steuerung'                             ,,'',T
MM,AT,1,  40,1,1,,'Variante'                              ,,'',Z
MM,AT,1,  50,1,1,,'Firma'                                 ,,'',T
MM,AT,1,  60,1,1,,'Programmnummer'                        ,,'',T
MM,AT,1,  70,1,1,,'Bearbeiter'                            ,,'',T
MM,AT,1,  80,1,1,,'Datum'                                 ,,'',T
MM,AT,1,  90,1,1,,'Auftragsname'                          ,,'',T
MM,AT,1, 100,1,1,,'Anzahl der Programmdurchlaeufe'        ,,'',Z
MM,AT,1, 110,1,1,,'Tafelname'                             ,,'',T
MM,AT,1, 120,1,1,,'Speicherbedarf'                        ,,'',Z
MM,AT,1, 130,1,1,,'Material-ID'                           ,,'',T
MM,AT,1, 140,1,1,,'Tafelgewicht'                          ,,'kg',Z
MM,AT,1, 150,1,1,,'Maschinenzeit'                         ,,'min',Z
MM,AT,1, 160,1,1,,'Bemerkung'                             ,,'',T
MM,AT,1, 170,1,1,,'Flag Automatisiert'                    ,,'Bool',Z
MM,AT,1, 180,1,1,,'Flag ToPsxxx-Programm'                 ,,'Bool',Z
MM,AT,1, 190,1,1,,'Einrichteplanfilename'                 ,,'',T
MM,AT,1, 200,1,1,,'Lagergutbezeichnung'                   ,,'',T
MM,AT,1, 210,1,1,,'Palettierungsflag'                     ,,'Bool',Z
MM,AT,1, 220,1,1,,'Palettierungmodus'                     ,,'',Z
MM,AT,1, 230,1,1,,'Palette putzen'                        ,,'Bool',Z
MM,AT,1, 240,1,1,,'Sauger putzen'                         ,,'Bool',Z
MM,AT,1, 250,1,1,,'SystemPalletType'                      ,,'',T
MM,AT,1, 260,1,1,,'Bearbeitungszeit PierceLine'           ,,'min',Z
MM,AT,1, 270,1,1,,'Schneidl牢ge'                          ,,'mm',Z
MM,AT,1, 280,1,1,,'viewer name machine'                   ,,'',T
C
ZA,DA,1
DA,'L3050',1,'Sin 840D',1,'Trumpf','ativm2310a10B','Marcin Cichy',
*  '23.10.2019','ativm2310a10',1,
*  'Z:\2019\ActiveMontage\23-10-2019\ativm2310a10B.LST',15684,
*  'AlMg3-100',121.50,94.61,' RYFEL ',0,1,
*  'Z:\2019\ActiveMontage\23-10-2019\ativm2310a10B.HTML','',0,1,1,1,
*  '',78.48,29267.82,'TruLaser 5030 classic (L15)'
C
ENDE_EINRICHTEPLAN_INFO
C
BEGIN_SHEET_TECH
C
ZA,MM,10
MM,AT,1,  10,1,1,,'Tabellenidentifikator'                 ,,'',T
MM,AT,1,  20,1,1,,'Blechmass X'                           ,,'mm',Z
MM,AT,1,  30,1,1,,'Blechmass Y'                           ,,'mm',Z
MM,AT,1,  40,1,1,,'Blechmass Z'                           ,,'mm',Z
MM,AT,1, 200,1,1,,'TRUMPF-Kennung'                        ,,'',Z
MM,AT,1, 220,1,1,,'Blechmass X real'                      ,,'mm',Z
MM,AT,1, 230,1,1,,'Blechmass Y real'                      ,,'mm',Z
MM,AT,1, 240,1,1,,'Materialkennung'                       ,,'',T
MM,AT,1, 260,1,1,,'Werkstoffdichte'                       ,,'kg/dm3',Z
MM,AT,1, 290,1,1,,'Werkstoffkennung'                      ,,'',T
C
ZA,DA,1
DA,'SHT-1',3000.00,1500.00,10.00,1,3000.00,1500.00,'AlMg3-100',2.700,
*  'AlMg3'
C
ENDE_SHEET_TECH
C
BEGIN_SHEET_LOAD
C
ZA,MM,24
MM,AT,1,  10,1,1,,'Tabellenidentifikator'                 ,,'',T
MM,AT,1,  70,1,1,,'TRUMPF-Kennung'                        ,,'',Z
MM,AT,1, 100,1,1,,'maximale Bearbeitungsposition X'       ,,'mm',Z
MM,AT,1, 110,1,1,,'maximale Bearbeitungsposition Y'       ,,'mm',Z
MM,AT,1, 500,1,1,,'Beladegeraet'                          ,,'',Z
MM,AT,1, 520,1,1,,'LIFT_SAUGERGRUPPE_1'                   ,,'',Z
MM,AT,1, 530,1,1,,'LIFT_SAUGERGRUPPE_2'                   ,,'',Z
MM,AT,1, 540,1,1,,'LIFT_SAUGERGRUPPE_3'                   ,,'',Z
MM,AT,1, 550,1,1,,'LIFT_SAUGERGRUPPE_4'                   ,,'',Z
MM,AT,1, 580,1,1,,'Lift Doppelblechdet aktiv'             ,,'Bool',Z
MM,AT,1, 590,1,1,,'Lift abschaelen'                       ,,'Bool',Z
MM,AT,1, 620,1,1,,'Blechanschlag'                         ,,'',Z
MM,AT,1, 630,1,1,,'Blechlage vermessen'                   ,,'',Z
MM,AT,1, 640,1,1,,'Messbereich X'                         ,,'mm',Z
MM,AT,1, 650,1,1,,'Messbereich Y'                         ,,'mm',Z
MM,AT,1, 660,1,1,,'Kalibrierung'                          ,,'Bool',Z
MM,AT,1, 690,1,1,,'Palettenwechselart'                    ,,'',Z
MM,AT,1, 700,1,1,,'Messecke'                              ,,'',Z
MM,AT,1, 720,1,1,,'Spreizmagnet (Lift)'                   ,,'Bool',Z
MM,AT,1, 730,1,1,,'Drehzylinder  (Lift)'                  ,,'Bool',Z
MM,AT,1, 810,1,1,,'Einzelsaugeranwahl'                    ,,'',Z
MM,AT,1, 820,1,1,,'Blech beim Beladen ausrichten'         ,,'',Z
MM,AT,1, 830,1,1,,'Codierung Einzelsauger 1'              ,,'',T
MM,AT,1, 840,1,1,,'Codierung Einzelsauger 2'              ,,'',T
C
ZA,DA,1
DA,'SHL-1',1,3000.62,1496.63,1,1,1,1,1,1,0,1,0,50.00,50.00,1,1,1,0,1,
*  0,0,'00000000','00000000'
C
ENDE_SHEET_LOAD
C
BEGIN_LTT_STAMM
C
ZA,MM,187
MM,AT,1,  10,1,1,,'Tabellenidentifikator'                 ,,'',T
MM,AT,1,  20,1,1,,'Bearbeiter'                            ,,'',T
MM,AT,1,  30,1,1,,'Erstellungsdatum'                      ,,'',T
MM,AT,1,  40,1,1,,'letzte Aenderung'                      ,,'',T
MM,AT,1,  50,1,1,,'Bemerkung'                             ,,'',T
MM,AT,1,  60,1,1,,'Einblendstatus'                        ,,'',Z
MM,AT,1,  70,1,1,,'Erstellungs-Einheit'                   ,,'',Z
MM,AT,1,  80,1,1,,'Maschinentyp'                          ,,'',T
MM,AT,1,  90,1,1,,'Lasernennleistung'                     ,,'W',Z
MM,AT,1, 100,1,1,,'Material'                              ,,'',T
MM,AT,1, 110,1,1,,'Materialdicke'                         ,,'mm',Z
MM,AT,1, 120,1,1,,'Linsenbrennweite'                      ,,'in',Z
MM,AT,1, 130,1,1,,'Duesentyp Duesendurchmesser'           ,,'',T
MM,AT,1, 140,1,1,,'Schneidkopfnummer'                     ,,'',Z
MM,AT,1, 150,1,1,,'Gasspuelen Schneiden-Einst'            ,,'s',Z
MM,AT,1, 160,1,1,,'Gasspuelen Einst-Schneiden'            ,,'s',Z
MM,AT,1, 170,1,1,,'SCHN Einstellmass'                     ,,'mm',Z
MM,AT,1, 180,1,1,,'SCHN red. Beschleunigung'              ,,'m/s2',Z
MM,AT,1, 190,1,1,,'SCHN Beschleunigung'                   ,,'m/s2',Z
MM,AT,1, 200,1,1,,'SCHN Eckenkuehlzeit'                   ,,'s',Z
MM,AT,1, 210,1,1,,'SCHN V-Red AnschnittDickblech'         ,,'%',Z
MM,AT,1, 220,1,1,,'SCHN Gasart Schneiden'                 ,,'',Z
MM,AT,1, 230,1,1,,'SCHN Gasart red. Schneiden'            ,,'',Z
MM,AT,1, 240,1,1,,'SCHN-GR Schnittspalt'                  ,,'mm',Z
MM,AT,1, 250,1,1,,'SCHN-GR-N Laserleistung'               ,,'W',Z
MM,AT,1, 260,1,1,,'SCHN-GR-N Tastfrequenz'                ,,'Hz',Z
MM,AT,1, 270,1,1,,'SCHN-GR-N Geschwindigkeit'             ,,'m/min',Z
MM,AT,1, 280,1,1,,'SCHN-GR-N Duesenabstand'               ,,'mm',Z
MM,AT,1, 290,1,1,,'SCHN-GR-N Gasdruck'                    ,,'bar',Z
MM,AT,1, 300,1,1,,'SCHN-GR-R Laserleistung'               ,,'W',Z
MM,AT,1, 310,1,1,,'SCHN-GR-R Tastfrequenz'                ,,'Hz',Z
MM,AT,1, 320,1,1,,'SCHN-GR-R Geschwindigkeit'             ,,'m/min',Z
MM,AT,1, 330,1,1,,'SCHN-GR-R Duesenabstand'               ,,'mm',Z
MM,AT,1, 340,1,1,,'SCHN-GR-R Gasdruck'                    ,,'bar',Z
MM,AT,1, 350,1,1,,'SCHN-MI Schnittspalt'                  ,,'mm',Z
MM,AT,1, 360,1,1,,'SCHN-MI-N Laserleistung'               ,,'W',Z
MM,AT,1, 370,1,1,,'SCHN-MI-N Tastfrequenz'                ,,'Hz',Z
MM,AT,1, 380,1,1,,'SCHN-MI-N Geschwindigkeit'             ,,'m/min',Z
MM,AT,1, 390,1,1,,'SCHN-MI-N Duesenabstand'               ,,'mm',Z
MM,AT,1, 400,1,1,,'SCHN-MI-N Gasdruck'                    ,,'bar',Z
MM,AT,1, 410,1,1,,'SCHN-MI-R Laserleistung'               ,,'W',Z
MM,AT,1, 420,1,1,,'SCHN-MI-R Tastfrequenz'                ,,'Hz',Z
MM,AT,1, 430,1,1,,'SCHN-MI-R Geschwindigkeit'             ,,'m/min',Z
MM,AT,1, 440,1,1,,'SCHN-MI-R Duesenabstand'               ,,'mm',Z
MM,AT,1, 450,1,1,,'SCHN-MI-R Gasdruck'                    ,,'bar',Z
MM,AT,1, 460,1,1,,'SCHN-KL Schnittspalt'                  ,,'mm',Z
MM,AT,1, 470,1,1,,'SCHN-KL-N Laserleistung'               ,,'W',Z
MM,AT,1, 480,1,1,,'SCHN-KL-N Tastfrequenz'                ,,'Hz',Z
MM,AT,1, 490,1,1,,'SCHN-KL-N Geschwindigkeit'             ,,'m/min',Z
MM,AT,1, 500,1,1,,'SCHN-KL-N Duesenabstand'               ,,'mm',Z
MM,AT,1, 510,1,1,,'SCHN-KL-N Gasdruck'                    ,,'bar',Z
MM,AT,1, 520,1,1,,'SCHN-KL-R Laserleistung'               ,,'W',Z
MM,AT,1, 530,1,1,,'SCHN-KL-R Tastfrequenz'                ,,'Hz',Z
MM,AT,1, 540,1,1,,'SCHN-KL-R Geschwindigkeit'             ,,'m/min',Z
MM,AT,1, 550,1,1,,'SCHN-KL-R Duesenabstand'               ,,'mm',Z
MM,AT,1, 560,1,1,,'SCHN-KL-R Gasdruck'                    ,,'bar',Z
MM,AT,1, 570,1,1,,'EINS Einstellmass'                     ,,'mm',Z
MM,AT,1, 580,1,1,,'EINS-N Zeit'                           ,,'s',Z
MM,AT,1, 590,1,1,,'EINS-N Rampenzyklusnummer'             ,,'',Z
MM,AT,1, 600,1,1,,'EINS-N Duesenabstand'                  ,,'mm',Z
MM,AT,1, 610,1,1,,'EINS-N Ausblaszeit'                    ,,'s',Z
MM,AT,1, 620,1,1,,'EINS-N Gasart'                         ,,'',Z
MM,AT,1, 630,1,1,,'EINS-N Gasdruck'                       ,,'bar',Z
MM,AT,1, 640,1,1,,'EINS-N Oelspruehen'                    ,,'',Z
MM,AT,1, 650,1,1,,'EINS-R Zeit'                           ,,'s',Z
MM,AT,1, 660,1,1,,'EINS-R Rampenzyklusnummer'             ,,'',Z
MM,AT,1, 670,1,1,,'EINS-R Duesenabstand'                  ,,'mm',Z
MM,AT,1, 680,1,1,,'EINS-R Ausblaszeit'                    ,,'s',Z
MM,AT,1, 690,1,1,,'EINS-R Gasart'                         ,,'',Z
MM,AT,1, 700,1,1,,'EINS-R Gasdruck'                       ,,'bar',Z
MM,AT,1, 710,1,1,,'EINS-R Oelspruehen'                    ,,'',Z
MM,AT,1, 720,1,1,,'ABDA Einstellmass'                     ,,'mm',Z
MM,AT,1, 730,1,1,,'ABDA Zeit'                             ,,'s',Z
MM,AT,1, 740,1,1,,'ABDA Duesenabstand'                    ,,'mm',Z
MM,AT,1, 750,1,1,,'ABDA Laserleistung'                    ,,'W',Z
MM,AT,1, 760,1,1,,'ABDA Tastfrequenz'                     ,,'Hz',Z
MM,AT,1, 770,1,1,,'ABDA Geschwindigkeit'                  ,,'m/min',Z
MM,AT,1, 780,1,1,,'ABDA Gasart'                           ,,'',Z
MM,AT,1, 790,1,1,,'ABDA Gasdruck'                         ,,'bar',Z
MM,AT,1, 800,1,1,,'KENN Einstellmass'                     ,,'mm',Z
MM,AT,1, 810,1,1,,'KENN Duesenabstand'                    ,,'mm',Z
MM,AT,1, 820,1,1,,'KENN Laserleistung'                    ,,'W',Z
MM,AT,1, 830,1,1,,'KENN Tastfrequenz'                     ,,'Hz',Z
MM,AT,1, 840,1,1,,'KENN Geschwindigkeit'                  ,,'m/min',Z
MM,AT,1, 850,1,1,,'KENN Gasart'                           ,,'',Z
MM,AT,1, 860,1,1,,'KENN Gasdruck'                         ,,'bar',Z
MM,AT,1, 870,1,1,,'KOER-G Einstellmass'                   ,,'mm',Z
MM,AT,1, 880,1,1,,'KOER-G Duesenabstand'                  ,,'mm',Z
MM,AT,1, 890,1,1,,'KOER-G Laserleistung'                  ,,'W',Z
MM,AT,1, 900,1,1,,'KOER-G Tastfrequenz'                   ,,'Hz',Z
MM,AT,1, 910,1,1,,'KOER-G Geschwindigkeit'                ,,'m/min',Z
MM,AT,1, 920,1,1,,'KOER-G Gasart'                         ,,'',Z
MM,AT,1, 930,1,1,,'KOER-G Gasdruck'                       ,,'bar',Z
MM,AT,1, 940,1,1,,'KOER-P Einstechzeit'                   ,,'s',Z
MM,AT,1, 950,1,1,,'KOER-P Rampenzyklusnummer'             ,,'',Z
MM,AT,1, 960,1,1,,'KOER-P Duesenabstand'                  ,,'mm',Z
MM,AT,1, 970,1,1,,'KOER-P Gasart'                         ,,'',Z
MM,AT,1, 980,1,1,,'KOER-P Gasdruck'                       ,,'bar',Z
MM,AT,1, 990,1,1,,'PUNK Einstellmass'                     ,,'mm',Z
MM,AT,1,1000,1,1,,'PUNK-S Zeit'                           ,,'s',Z
MM,AT,1,1010,1,1,,'PUNK-S Rampenzyklusnummer'             ,,'',Z
MM,AT,1,1020,1,1,,'PUNK-S Duesenabstand'                  ,,'mm',Z
MM,AT,1,1030,1,1,,'PUNK-S Gasart'                         ,,'',Z
MM,AT,1,1040,1,1,,'PUNK-S Gasdruck'                       ,,'bar',Z
MM,AT,1,1050,1,1,,'PUNK-F Zeit'                           ,,'s',Z
MM,AT,1,1060,1,1,,'PUNK-F Rampenzyklusnummer'             ,,'',Z
MM,AT,1,1070,1,1,,'PUNK-F Duesenabstand'                  ,,'mm',Z
MM,AT,1,1080,1,1,,'PUNK-F Gasart'                         ,,'',Z
MM,AT,1,1090,1,1,,'PUNK-F Gasdruck'                       ,,'bar',Z
MM,AT,1,1100,1,1,,'TRUMPF-Kennung'                        ,,'',Z
MM,AT,1,1110,1,1,,'Vorschub Anf. aus Stanzloch'           ,,'%',Z
MM,AT,1,1120,1,1,,'SCHN-GR Einstellmass'                  ,,'mm',Z
MM,AT,1,1130,1,1,,'SCHN-MI Einstellmass'                  ,,'mm',Z
MM,AT,1,1140,1,1,,'SCHN-KL Einstellmass'                  ,,'mm',Z
MM,AT,1,1150,1,1,,'EINS-N Zeit SprintLas'                 ,,'s',Z
MM,AT,1,1160,1,1,,'SCHN hohe Beschleunigung'              ,,'m/s2',Z
MM,AT,1,1730,1,1,,'PlasmaLine Aktiv'                      ,,'',Z
MM,AT,1,1740,1,1,,'PlasmaLine-Schwellenwert 1'            ,,'%',Z
MM,AT,1,1750,1,1,,'PlasmaLine-Schwellenwert 2'            ,,'%',Z
MM,AT,1,1760,1,1,,'LLS - LFS Modus'                       ,,'',Z
MM,AT,1,1770,1,1,,'LLS obere Grenze in %'                 ,,'%',Z
MM,AT,1,1780,1,1,,'Leistung bei oberer Grenze in %'       ,,'%',Z
MM,AT,1,1790,1,1,,'LLS untere Grenze in %'                ,,'%',Z
MM,AT,1,1800,1,1,,'Leistung bei unterer Grenze in %'      ,,'%',Z
MM,AT,1,1810,1,1,,'LFS obere Grenze in %'                 ,,'%',Z
MM,AT,1,1820,1,1,,'Frequenz bei oberer Grenze in %'       ,,'%',Z
MM,AT,1,1830,1,1,,'LFS untere Grenze in %'                ,,'%',Z
MM,AT,1,1840,1,1,,'Frequenz bei unterer Grenze in %'      ,,'%',Z
MM,AT,1,1850,1,1,,'Sensorik Einstechen normal'            ,,'',Z
MM,AT,1,1860,1,1,,'Sensorik Einstechen sanft'             ,,'',Z
MM,AT,1,1870,1,1,,'SCHN-GR Strahldurchmesser'             ,,'mm',Z
MM,AT,1,1880,1,1,,'SCHN-MI Strahldurchmesser'             ,,'mm',Z
MM,AT,1,1890,1,1,,'SCHN-KL Strahldurchmesser'             ,,'mm',Z
MM,AT,1,1900,1,1,,'EINS Strahldurchmesser'                ,,'mm',Z
MM,AT,1,1910,1,1,,'ABDA Strahldurchmesser'                ,,'mm',Z
MM,AT,1,1920,1,1,,'KENN Strahldurchmesser'                ,,'mm',Z
MM,AT,1,1930,1,1,,'KOER Strahldurchmesser'                ,,'mm',Z
MM,AT,1,1940,1,1,,'PUNK Strahldurchmesser'                ,,'mm',Z
MM,AT,1,1950,1,1,,'LLS Geschw. bei oberer Grenze'         ,,'m/min',Z
MM,AT,1,1960,1,1,,'Leistung bei oberer Grenze'            ,,'W',Z
MM,AT,1,1970,1,1,,'LLS Geschw. bei unterer Grenze'        ,,'m/min',Z
MM,AT,1,1980,1,1,,'Leistung bei unterer Grenze'           ,,'W',Z
MM,AT,1,1990,1,1,,'LFS Geschw. bei oberer Grenze'         ,,'m/min',Z
MM,AT,1,2000,1,1,,'Frequenz bei oberer Grenze'            ,,'Hz',Z
MM,AT,1,2010,1,1,,'LFS Geschw. bei unterer Grenze'        ,,'m/min',Z
MM,AT,1,2020,1,1,,'Frequenz bei unterer Grenze'           ,,'Hz',Z
MM,AT,1,2030,1,1,,'EINS sanft Einstellmass'               ,,'mm',Z
MM,AT,1,2040,1,1,,'PlasmaLine Aktiv Mittlere Kontur'      ,,'',Z
MM,AT,1,2050,1,1,,'PlasmaLine Aktiv Kleine Kontur'        ,,'',Z
MM,AT,1,2060,1,1,,'Beschleunigung Sonderbearb.'           ,,'m/s2',Z
MM,AT,1,2070,1,1,,'PierceLine Strahldurchmesser'          ,,'mm',Z
MM,AT,1,2080,1,1,,'PierceLine-N Einstellmass'             ,,'mm',Z
MM,AT,1,2090,1,1,,'PierceLine-N Zeit'                     ,,'s',Z
MM,AT,1,2100,1,1,,'PierceLine-N Rampenzyklusnummer'       ,,'',Z
MM,AT,1,2110,1,1,,'PierceLine-N Duesenabstand'            ,,'mm',Z
MM,AT,1,2120,1,1,,'PierceLine-N Ausblaszeit'              ,,'s',Z
MM,AT,1,2130,1,1,,'PierceLine-N Gasart'                   ,,'',Z
MM,AT,1,2140,1,1,,'PierceLine-N Gasdruck'                 ,,'bar',Z
MM,AT,1,2150,1,1,,'PierceLine-N Oelspruehen'              ,,'',Z
MM,AT,1,2160,1,1,,'PierceLine-N Sensortyp'                ,,'',Z
MM,AT,1,2170,1,1,,'PierceLine-N Querblasen'               ,,'Bool',Z
MM,AT,1,2180,1,1,,'PierceLine-R Einstellmass'             ,,'mm',Z
MM,AT,1,2190,1,1,,'PierceLine-R Zeit'                     ,,'s',Z
MM,AT,1,2200,1,1,,'PierceLine-R Rampenzyklusnummer'       ,,'',Z
MM,AT,1,2210,1,1,,'PierceLine-R Duesenabstand'            ,,'mm',Z
MM,AT,1,2220,1,1,,'PierceLine-R Ausblaszeit'              ,,'s',Z
MM,AT,1,2230,1,1,,'PierceLine-R Gasart'                   ,,'',Z
MM,AT,1,2240,1,1,,'PierceLine-R Gasdruck'                 ,,'bar',Z
MM,AT,1,2250,1,1,,'PierceLine-R Oelspruehen'              ,,'',Z
MM,AT,1,2260,1,1,,'PierceLine-R Sensortyp'                ,,'',Z
MM,AT,1,2270,1,1,,'PierceLine-R Querblasen'               ,,'Bool',Z
MM,AT,1,2280,1,1,,'SCHN hohe Beschleun. Kinematik 2'      ,,'m/s2',Z
MM,AT,1,2290,1,1,,'Material-Standard'                     ,,'',Z
MM,AT,1,2300,1,1,,'Ausgangstabelle'                       ,,'',T
MM,AT,1,2310,1,1,,'Offset Einstellmass'                   ,,'mm',Z
MM,AT,1,2330,1,1,,'Laserheadtype'                         ,,'',Z
MM,AT,1,2340,1,1,,'Schneidkopf Generation'                ,,'',Z
MM,AT,1,2350,1,1,,'Schneidkopf Identifikation'            ,,'',Z
MM,AT,1,2360,1,1,,'untere Grenzgeschw. AWS. Kennz.'       ,,'m/min',Z
MM,AT,1,2370,1,1,,'Leistung bei unterer Grenze Kennz.'    ,,'W',Z
MM,AT,1,2380,1,1,,'untere Grenzgeschw. AWS. Abda.'        ,,'m/min',Z
MM,AT,1,2390,1,1,,'Leistung bei unterer Grenze Abda.'     ,,'W',Z
MM,AT,1,2400,1,1,,'Frequenz bei unterer Grenze Kennz.'    ,,'Hz',Z
MM,AT,1,2410,1,1,,'Frequenz bei unterer Grenze Abda.'     ,,'Hz',Z
MM,AT,1,2420,1,1,,'SCHN normale Beschleun. 2. Y-Achse'    ,,'m/s2',Z
MM,AT,1,2430,1,1,,'SCHN normale Beschleun. 2. X-Achse'    ,,'m/s2',Z
MM,AT,1,2500,1,1,,'PulsePower Regulation'                 ,,'W',Z
C
ZA,DA,1
DA,'T2D-7071','TW516mi','13.07.05','',
*  'AlMg3 10.0mm 5000W 7.5Z N2 HD TC16 Standard',1,0,'TC16',5000,
*  'AlMg3-100',10.00,7.50,'2',3,0.00,0.00,-12.00,2.000,2.000,0.00,0.0,
*  2,2,0.25,5000,20000,0.500,1.50,16.0,5000,20000,0.050,8.00,16.0,
*  0.25,4200,10000,0.508,1.52,16.0,4200,10000,0.102,3.05,16.0,0.25,
*  3500,10,0.150,1.50,10.0,3000,10000,0.031,3.00,1.0,-7.00,12.00,21,
*  8.00,0.00,1,0.8,0,12.00,21,8.00,0.00,1,0.8,0,-12.00,0.40,20.00,80,
*  2000,4.000,2,2.0,-2.00,8.00,50,500,3.000,1,2.0,-4.00,4.00,90,1000,
*  3.000,2,4.0,2.00,8,4.00,2,4.0,-12.00,-1.00,-1,-1.00,-1,-1.0,-1.00,
*  -1,-1.00,-1,-1.0,1,0.0,-12.00,-13.00,4.00,-1.00,4.000,1,820.0,
*  500.0,0,100.0,100.0,0.0,100.0,100.0,100.0,0.0,100.0,0,0,16.00,
*  16.00,12.00,16.00,16.00,16.00,16.00,16.00,0.800,5000,0.000,5000,
*  0.800,10000,0.000,10000,-7.00,1,1,2.000,16.00,-7.00,12.00,21,8.00,
*  0.00,1,0.8,0,0,0,-7.00,12.00,21,8.00,0.00,1,0.8,0,0,0,-99.000,0,
*  'T2D-7071',0.00,1,1,0,-1.000,0,-1.000,0,0,0,-99.000,4.000,-1
C
ENDE_LTT_STAMM
C
BEGIN_LTT_CALLS
C
ZA,MM,1
MM,AT,1,  10,1,1,,'Tabellenidentifikator'            ,,'',T
C
ZA,DA,1
DA,'T2D-7071'
C
ENDE_LTT_CALLS
C
BEGIN_PARTS_IN_PROGRAM
C
ZA,MM,23
MM,AT,1,  10,1,1,,'Hauptprogrammname'                     ,,'',T
MM,AT,1,  20,1,1,,'reserviert'                            ,,'',T
MM,AT,1,  30,1,1,,'Teil-Identnummer'                      ,,'',T
MM,AT,1,  40,1,1,,'reserviert'                            ,,'',Z
MM,AT,1,  50,1,1,,'Geometriefilename'                     ,,'',T
MM,AT,1,  60,1,1,,'Anzahl'                                ,,'',Z
MM,AT,1,  70,1,1,,'Geometriefilename (einf.Darstl)'       ,,'',T
MM,AT,1,  80,1,1,,'Bearbeitungszeit'                      ,,'min',Z
MM,AT,1,  90,1,1,,'Flaeche'                               ,,'mm2',Z
MM,AT,1, 100,1,1,,'ToPs-Zeichnungskunde'                  ,,'',T
MM,AT,1, 110,1,1,,'ToPs-Teile-Nummerierung'               ,,'',T
MM,AT,1, 120,1,1,,'ToPs-Zeichnungsname'                   ,,'',T
MM,AT,1, 130,1,1,,'Abmessung X'                           ,,'mm',Z
MM,AT,1, 140,1,1,,'Abmessung Y'                           ,,'mm',Z
MM,AT,1, 170,1,1,,'Verbuchungsteil'                       ,,'Bool',Z
MM,AT,1, 180,1,1,,'Offset X (Urspr. zu Schwerpkt.)'       ,,'mm',Z
MM,AT,1, 190,1,1,,'Offset Y (Urspr. zu Schwerpkt.)'       ,,'mm',Z
MM,AT,1, 200,1,1,,'Bearbeitungszeit PierceLine'           ,,'min',Z
MM,AT,1, 210,1,1,,'Schneidl牢ge'                          ,,'mm',Z
MM,AT,1, 240,1,1,,'Part Type Index'                       ,,'',Z
MM,AT,1, 250,1,1,,'AmountMirroredParts'                   ,,'',Z
MM,AT,1, 260,1,1,,'Part Angle In File'                    ,,'deg',Z
MM,AT,1, 500,1,1,,'TRUMPF-Kennung'                        ,,'',Z
C
ZA,DA,3
DA,'ativm2310a10B','0','NOID_28',0,
*  'Z:\2019\aluteam\11-10-20119zap\Lustro\Actemium_Abdeckung_Blechbelag\',
-  'Einlauf_HL8\Blech_2.1.GEO',1,'Blech_2.1',2.30,10009.93,'none',
*  '28','',40.000,255.000,1,20.133,127.405,1.90,711.19,28,0,0.00,1
DA,'ativm2310a10B','0','NOID_62',0,
*  'Z:\2019\aluteam\11-10-20119zap\Lustro\Actemium_Abdeckung_Blechbelag\',
-  'Auslauf_HL8\Blech_3.22.GEO',1,'Blech_3.22',13.55,516360.79,'none',
*  '62','',1180.000,440.000,1,589.996,219.999,11.15,4099.28,62,0,0.00,
*  1
DA,'ativm2310a10B','0','NOID_19',0,
*  'Z:\2019\aluteam\11-10-20119zap\Lustro\Actemium_Abdeckung_Blechbelag\',
-  'Auslauf_HL7\Blech_1.19.GEO',5,'Blech_1.19',15.74,736970.72,'none',
*  '19','',1480.000,500.000,1,739.983,250.000,13.07,4891.47,19,0,0.00,
*  1
C
ENDE_PARTS_IN_PROGRAM
C
BEGIN_PARTS_IN_PROGRAM_POS
C
ZA,MM,19
MM,AT,1,  10,1,1,,'laufende Nummer gefertigtes Teil'      ,,'',Z
MM,AT,1,  20,1,1,,'Hauptprogrammname'                     ,,'',T
MM,AT,1,  30,1,1,,'Teil-Identnummer'                      ,,'',T
MM,AT,1,  60,1,1,,'Position X-Koordinate'                 ,,'mm',Z
MM,AT,1,  70,1,1,,'Position Y-Koordinate'                 ,,'mm',Z
MM,AT,1,  80,1,1,,'Abmessung in X'                        ,,'mm',Z
MM,AT,1,  90,1,1,,'Abmessung in Y'                        ,,'mm',Z
MM,AT,1, 100,1,1,,'Winkellage'                            ,,'deg',Z
MM,AT,1, 150,1,1,,'X-Koordinate Schwerpunkt'              ,,'mm',Z
MM,AT,1, 160,1,1,,'Y-Koordinate Schwerpunkt'              ,,'mm',Z
MM,AT,1, 190,1,1,,'Entnahmenummer'                        ,,'',Z
MM,AT,1, 200,1,1,,'Referenzteil'                          ,,'',Z
MM,AT,1, 210,1,1,,'Name der PartUnloadData-Tabelle'       ,,'',T
MM,AT,1, 220,1,1,,'Name der PartPalettData-Tabelle'       ,,'',T
MM,AT,1, 240,1,1,,'Klassifizierung'                       ,,'',Z
MM,AT,1, 250,1,1,,'reserviert'                            ,,'',T
MM,AT,1, 320,1,1,,'Part Type Index'                       ,,'',Z
MM,AT,1, 330,1,1,,'Mirrored At Y'                         ,,'Bool',Z
MM,AT,1, 500,1,1,,'TRUMPF-Kennung'                        ,,'',Z
C
ZA,DA,7
DA,1,'ativm2310a10B','NOID_28',4.50,14.50,255.00,40.00,270.00,131.90,
*  34.37,0,0,'','',1,'28',28,0,1
DA,2,'ativm2310a10B','NOID_62',4.50,64.50,440.00,1180.00,270.00,
*  224.50,654.50,0,0,'','',1,'62',62,0,1
DA,3,'ativm2310a10B','NOID_19',455.50,4.50,500.00,1480.00,270.00,
*  705.50,744.52,0,0,'','',1,'19',19,0,1
DA,4,'ativm2310a10B','NOID_19',965.50,4.50,500.00,1480.00,270.00,
*  1215.50,744.52,0,0,'','',1,'19',19,0,1
DA,5,'ativm2310a10B','NOID_19',1475.50,4.50,500.00,1480.00,270.00,
*  1725.50,744.52,0,0,'','',1,'19',19,0,1
DA,6,'ativm2310a10B','NOID_19',1985.50,4.50,500.00,1480.00,270.00,
*  2235.50,744.52,0,0,'','',1,'19',19,0,1
DA,7,'ativm2310a10B','NOID_19',2495.50,4.50,500.00,1480.00,270.00,
*  2745.50,744.52,0,0,'','',1,'19',19,0,1
C
ENDE_PARTS_IN_PROGRAM_POS
C
BEGIN_MICROJOINT
C
ZA,MM,12
MM,AT,1,  10,1,1,,'Tabellenidentifikator'                 ,,'',T
MM,AT,1, 100,1,1,,'programmierte Microjoints aktiv'       ,,'Bool',Z
MM,AT,1, 110,1,1,,'automatische Microjoints aktiv'        ,,'Bool',Z
MM,AT,1, 120,1,1,,'Microjointbreite kleine Kontur'        ,,'mm',Z
MM,AT,1, 130,1,1,,'Microjointbreite mittlere Kontur'      ,,'mm',Z
MM,AT,1, 140,1,1,,'Microjointbreite grosse Kontur'        ,,'mm',Z
MM,AT,1, 150,1,1,,'Konturausdehn. min X auto. MJ'         ,,'mm',Z
MM,AT,1, 160,1,1,,'Konturausdehn. max X autom. MJ'        ,,'mm',Z
MM,AT,1, 170,1,1,,'Konturausdehn. min Y autom. MJ'        ,,'mm',Z
MM,AT,1, 180,1,1,,'Konturausdehn. max Y autom. MJ'        ,,'mm',Z
MM,AT,1, 190,1,1,,'Einstechart nach Microjoint'           ,,'',Z
MM,AT,1, 500,1,1,,'TRUMPF-Kennung'                        ,,'',Z
C
ZA,DA,1
DA,'MIJO-1',0,0,0.00,0.00,0.00,-1.00,-1.00,-1.00,-1.00,11,1
C
ENDE_MICROJOINT
C
BEGIN_CONSUMPTION_TIMES
C
ZA,MM,7
MM,AT,1,  10,1,1,,'ConsumptionGroup'                      ,,'',Z
MM,AT,1,  20,1,1,,'GasType'                               ,,'',Z
MM,AT,1,  30,1,1,,'OnTime'                                ,,'s',Z
MM,AT,1,  40,1,1,,'PartTypeIndex'                         ,,'',Z
MM,AT,1,  50,1,1,,'NozzleDiameter'                        ,,'mm',Z
MM,AT,1,  60,1,1,,'GasPressure'                           ,,'bar',Z
MM,AT,1,  70,1,1,,'LaserPower'                            ,,'W',Z
C
ZA,DA,21
DA,1,1,80.00,19,2.00,0.8,0
DA,1,1,1.48,19,2.00,2.0,0
DA,1,2,691.64,19,2.00,16.0,0
DA,2,0,1.48,19,0.00,0.0,50
DA,2,0,240.00,19,0.00,0.0,2500
DA,2,0,691.64,19,0.00,0.0,5000
DA,3,0,5.50,19,0.00,0.0,0
DA,1,1,12.00,28,2.00,0.8,0
DA,1,1,1.07,28,2.00,2.0,0
DA,1,2,98.76,28,2.00,16.0,0
DA,2,0,1.07,28,0.00,0.0,50
DA,2,0,36.00,28,0.00,0.0,2500
DA,2,0,98.76,28,0.00,0.0,5000
DA,3,0,0.83,28,0.00,0.0,0
DA,1,1,72.00,62,2.00,0.8,0
DA,1,1,1.98,62,2.00,2.0,0
DA,1,2,585.09,62,2.00,16.0,0
DA,2,0,1.98,62,0.00,0.0,50
DA,2,0,216.00,62,0.00,0.0,2500
DA,2,0,585.09,62,0.00,0.0,5000
DA,3,0,4.83,62,0.00,0.0,0
C
ENDE_CONSUMPTION_TIMES
C
BEGIN_PROGRAM_INFORMATION
C
ZA,MM,5
MM,AT,1,  10,1,1,,'Teil-Identnummer'                      ,,'',T
MM,AT,1,  20,1,1,,'Informations-Typ'                      ,,'',T
MM,AT,1,  30,1,1,,'Technologie-Typ'                       ,,'',T
MM,AT,1,  40,1,1,,'x-Koord.Referenz-Pkt.'                 ,,'mm',Z
MM,AT,1,  50,1,1,,'y-Koord.Referenz-Pkt.'                 ,,'mm',Z
C
ZA,DA,1
DA,'NOID_19','COLLISION','UNKNOWN',3000.00,1489.20
C
ENDE_PROGRAM_INFORMATION
C
BEGIN_TOPS_DATA
C
ZA,MM,10
MM,AT,1,  10,1,1,,'LfdNr'                                 ,,'',Z
MM,AT,1,  20,1,1,,'Typ'                                   ,,'',T
MM,AT,1,  30,1,1,,'Datensatzname'                         ,,'',Z
MM,AT,1,  40,1,1,,'Datensatznr'                           ,,'',Z
MM,AT,1,  50,1,1,,'Beschreibung'                          ,,'',T
MM,AT,1,  60,1,1,,'Datentyp'                              ,,'',T
MM,AT,1,  70,1,1,,'physik. Einheit'                       ,,'',T
MM,AT,1,  80,1,1,,'Wert'                                  ,,'',T
MM,AT,1,  90,1,1,,'Referenzstueckliste'                   ,,'',T
MM,AT,1, 100,1,1,,'Referenzdatensatz'                     ,,'',Z
C
ZA,DA,64
DA,1,'INTERNAL_DATA',120,1,'','T','','10.00','',0
DA,2,'INTERNAL_DATA',320,1,'','T','','X','',0
DA,3,'INTERNAL_DATA',690,1,'','T','','','',0
DA,4,'INTERNAL_DATA',200,1,'','T','','T2D-7071','',0
DA,5,'INTERNAL_DATA',210,1,'','T','','PE뮱E','',0
DA,6,'INTERNAL_DATA',220,1,'','T','','ZNAKOWANIE','',0
DA,7,'INTERNAL_DATA',230,1,'','T','','DU슟','',0
DA,8,'INTERNAL_DATA',200,2,'','T','','T2D-7071','',0
DA,9,'INTERNAL_DATA',210,2,'','T','','ZREDUKOWANE','',0
DA,10,'INTERNAL_DATA',220,2,'','T','','ZREDUKOWANE','',0
DA,11,'INTERNAL_DATA',230,2,'','T','','DU슟','',0
DA,12,'INTERNAL_DATA',200,3,'','T','','T2D-7071','',0
DA,13,'INTERNAL_DATA',210,3,'','T','','ZREDUKOWANE','',0
DA,14,'INTERNAL_DATA',220,3,'','T','','NORMALNIE','',0
DA,15,'INTERNAL_DATA',230,3,'','T','','DU슟','',0
DA,16,'INTERNAL_DATA',103,1,'','T','','1 : 34 : 36 [h:min:s]','',0
DA,17,'INTERNAL_DATA',102,1,'','T','','','',0
DA,18,'INTERNAL_DATA',101,1,'','T','',
*  '94.61 Min 1 : 34 : 36 [h:min:s]','',0
DA,19,'INTERNAL_DATA',280,1,'','Z','mm','29267.8','',0
DA,20,'INTERNAL_DATA',650,1,'','T','','TruLaser 5030 classic (L15)',
*  '',0
DA,21,'INTERNAL_DATA',290,1,'','T','',
*  'Z:\2019\ActiveMontage\23-10-2019\ativm2310a10_2.taf','',0
DA,22,'INTERNAL_DATA',550,1,'','T','','Bez','',0
DA,23,'INTERNAL_DATA',600,1,'','T','','BMP','',0
DA,24,'INTERNAL_DATA',610,1,'','T','','BMP','',0
DA,25,'INTERNAL_DATA',660,1,'','T','','pl','',0
DA,26,'INTERNAL_DATA',420,1,'','T','','NOID_28','',0
DA,27,'INTERNAL_DATA',430,1,'','T','','','',0
DA,28,'INTERNAL_DATA',350,1,'','T','','T2D-7071-1P','',0
DA,29,'INTERNAL_DATA',571,1,'','T','','2.30 min','',0
DA,30,'INTERNAL_DATA',570,1,'','T','',
*  '2.30 Min 0 : 02 : 18 [h:min:s]','',0
DA,31,'INTERNAL_DATA',620,1,'','Z','','10009.93','PARTS_IN_PROGRAM',0
DA,32,'INTERNAL_DATA',340,1,'','Z','','3','',0
DA,33,'INTERNAL_DATA',370,1,'','T','','36.00','',0
DA,34,'INTERNAL_DATA',330,1,'','Z','mm','711.193','',0
DA,35,'INTERNAL_DATA',360,1,'','T','','SP1ativm2310a10B','',0
DA,36,'INTERNAL_DATA',420,1,'','T','','NOID_62','',0
DA,37,'INTERNAL_DATA',430,1,'','T','','','',0
DA,38,'INTERNAL_DATA',350,2,'','T','','T2D-7071-1P','',0
DA,39,'INTERNAL_DATA',571,2,'','T','','13.53 min','',0
DA,40,'INTERNAL_DATA',570,2,'','T','',
*  '13.55 Min 0 : 13 : 32 [h:min:s]','',0
DA,41,'INTERNAL_DATA',620,2,'','Z','','516360.79','PARTS_IN_PROGRAM',
*  0
DA,42,'INTERNAL_DATA',340,2,'','Z','','18','',0
DA,43,'INTERNAL_DATA',370,2,'','T','','216.00','',0
DA,44,'INTERNAL_DATA',330,2,'','Z','mm','4099.28','',0
DA,45,'INTERNAL_DATA',360,2,'','T','','SP2ativm2310a10B','',0
DA,46,'INTERNAL_DATA',420,1,'','T','','NOID_19','',0
DA,47,'INTERNAL_DATA',430,1,'','T','','','',0
DA,48,'INTERNAL_DATA',350,3,'','T','','T2D-7071-1P','',0
DA,49,'INTERNAL_DATA',571,3,'','T','','15.73 min','',0
DA,50,'INTERNAL_DATA',570,3,'','T','',
*  '15.74 Min 0 : 15 : 44 [h:min:s]','',0
DA,51,'INTERNAL_DATA',620,3,'','Z','','736970.72','PARTS_IN_PROGRAM',
*  0
DA,52,'INTERNAL_DATA',340,3,'','Z','','20','',0
DA,53,'INTERNAL_DATA',370,3,'','T','','240.00','',0
DA,54,'INTERNAL_DATA',330,3,'','Z','mm','4891.47','',0
DA,55,'INTERNAL_DATA',360,3,'','T','','SP3ativm2310a10B','',0
DA,56,'INTERNAL_DATA',311,1,'','T','',
*  'ODLEG뮲꺥 MI퇷ZY LISTWAMI PODPOROWYMI:','',0
DA,57,'INTERNAL_DATA',310,1,'','T','','67 mm','',0
DA,58,'INTERNAL_DATA',312,1,'','T','',
*  'Maszyna standardowa, ustawiony co drugi','',0
DA,59,'INTERNAL_DATA',313,1,'','T','','38 mm','',0
DA,60,'INTERNAL_DATA',440,1,'','Z','','6.42','',0
DA,61,'INTERNAL_DATA',640,1,'','Z','','3000.00','',0
DA,62,'INTERNAL_DATA',641,1,'','Z','','1496.63','',0
DA,63,'INTERNAL_DATA',450,1,'','T','','','',0
DA,64,'INTERNAL_DATA',590,1,'','T','','Nie ustalone','',0
C
ENDE_TOPS_DATA
C
BEGIN_PROGRAMM
C
ZA,MM,7
MM,AT,1,  10,1,1,,'Programmnummer'                        ,,'',T
MM,AT,1,  20,1,1,,'Programmtyp'                           ,,'',T
MM,AT,1,  30,1,1,,'Bemerkung'                             ,,'',T
MM,AT,1,  40,1,1,,'Bearbeitungszeit'                      ,,'min',Z
MM,AT,1,  50,1,1,,'Dateityp'                              ,,'',T
MM,AT,1,  60,1,1,,'IncreasingRecordNumberFlag'            ,,'Bool',Z
MM,AT,1,  70,1,1,,'PartTypeIndex'                         ,,'',Z
C
ZA,DA,4
DA,'SP1ativm2310a10B','UP','',2.30,'LST',1,0
START_TEXT
N10 MSG("NUMER PODPROGRAMU,SP1ativm2310a10B")
N20G91
N30;(NUMER DETALU:28)
N40TC_POS_LEVEL(40.0)
N50;(NUMER KONTURU:1)
N60TC_POS_LEVEL(30.0)
N70TC_LASER_ON(11,"T2D-7071",0,500);KENNZ_SprintLine
N80X0.700Y1.250
N90X2.098
N100X0.700Y-1.250
N110Y-2.500
N120X-0.700Y-1.250
N130X-1.399
N140X-1.399Y-2.500
N150Y-2.500
N160X3.498
N170TC_LASER_OFF(3);KENNZ_SprintLine_ENDE
N180X4.984
N190TC_LASER_ON(11,"T2D-7071",0,500);KENNZ_SprintLine
N200Y1.250
N210X-0.699
N220Y-1.250
N230X0.699
N240TC_LASER_OFF(3);KENNZ_SprintLine_ENDE
N250X5.684Y8.750
N260TC_LASER_ON(11,"T2D-7071",0,500);KENNZ_SprintLine
N270X0.700Y1.250
N280Y-10.000
N290TC_LASER_OFF(3);KENNZ_SprintLine_ENDE
N300X-0.700
N310TC_LASER_ON(11,"T2D-7071",0,500);KENNZ_SprintLine
N320X1.399
N330TC_POS_LEVEL(40.0)
N340TC_LASER_OFF(3);KENNZ_SprintLine_ENDE
N350;(NUMER KONTURU:2)
N360X-22.041Y39.549
N370TC_LASER_ON(1,"T2D-7071",11,110);EINST/SCHN
N380X0.237Y4.858
N390TC_LASER_ON(5,"T2D-7071",0,100);LTT2
N400X0.013Y0.255
N410G03X-0.250Y0.262I-0.250J0.012
N420G03J-5.375
N430TC_LASER_OFF(1);SCHNEIDENENDE
N440;(NUMER KONTURU:3)
N450G01Y169.625
N460TC_LASER_ON(1,"T2D-7071",11,110);EINST/SCHN
N470X3.602Y3.267
N480TC_LASER_ON(5,"T2D-7071",0,100);LTT2
N490X0.190Y0.172
N500G03X0.009Y0.362I-0.168J0.185
N510G03I-3.801J-3.801
N520TC_LASER_OFF(1);SCHNEIDENENDE
N530;(NUMER KONTURU:4)
N540G01X23.324Y38.324
N550TC_LASER_ON(1,"T2D-7071",11,110);EINST/SCHN
N560Y-6.650
N570TC_LASER_ON(5,"T2D-7071",0,100);LTT2
N580Y-0.350
N590Y-254.250
N600G02X-1.000Y-1.000I-1.000
N610G01X-38.250
N620G02X-1.000Y1.000J1.000
N630G01Y253.250
N640G02X1.000Y1.000I1.000
N650G01X39.250
N660TC_LASER_OFF(1);SCHNEIDENENDE
N670G01
N680G90
N690M17
N700M02
STOP_TEXT
DA,'SP2ativm2310a10B','UP','',13.55,'LST',1,0
START_TEXT
N10 MSG("NUMER PODPROGRAMU,SP2ativm2310a10B")
N20G91
N30;(NUMER DETALU:62)
N40TC_POS_LEVEL(40.0)
N50;(NUMER KONTURU:1)
N60TC_POS_LEVEL(30.0)
N70TC_LASER_ON(11,"T2D-7071",0,500);KENNZ_SprintLine
N80X0.700Y1.250
N90X2.098
N100X0.700Y-1.250
N110Y-2.500
N120X-0.700Y-1.250
N130X-1.399
N140TC_LASER_OFF(3);KENNZ_SprintLine_ENDE
N150X1.399
N160TC_LASER_ON(11,"T2D-7071",0,500);KENNZ_SprintLine
N170X0.700Y-1.250
N180Y-2.500
N190X-0.700Y-1.250
N200X-2.098
N210X-0.700Y1.250
N220TC_LASER_OFF(3);KENNZ_SprintLine_ENDE
N230X8.482Y-1.250
N240TC_LASER_ON(11,"T2D-7071",0,500);KENNZ_SprintLine
N250Y1.250
N260X-0.699
N270Y-1.250
N280X0.699
N290TC_LASER_OFF(3);KENNZ_SprintLine_ENDE
N300X4.285Y8.750
N310TC_LASER_ON(11,"T2D-7071",0,500);KENNZ_SprintLine
N320X0.700Y1.250
N330X2.098
N340X0.700Y-1.250
N350Y-2.500
N360X-0.700Y-1.250
N370X-1.399
N380X-1.399Y-2.500
N390Y-2.500
N400X3.498
N410TC_LASER_OFF(3);KENNZ_SprintLine_ENDE
N420X2.886Y8.750
N430TC_LASER_ON(11,"T2D-7071",0,500);KENNZ_SprintLine
N440X0.699Y1.250
N450X2.099
N460X0.699Y-1.250
N470Y-2.500
N480X-0.699Y-1.250
N490X-1.399
N500X-1.399Y-2.500
N510Y-2.500
N520X3.497
N530TC_POS_LEVEL(40.0)
N540TC_LASER_OFF(3);KENNZ_SprintLine_ENDE
N550;(NUMER KONTURU:2)
N560X3.307Y210.375
N570TC_LASER_ON(1,"T2D-7071",11,110);EINST/SCHN
N580X-4.857Y0.237
N590TC_LASER_ON(5,"T2D-7071",0,100);LTT2
N600X-0.256Y0.012
N610G03X-0.262Y-0.249I-0.012J-0.250
N620G03I5.375
N630TC_LASER_OFF(1);SCHNEIDENENDE
N640;(NUMER KONTURU:3)
N650G01X-61.922Y3.281
N660TC_LASER_ON(1,"T2D-7071",11,110);EINST/SCHN
N670X-4.622Y4.782
N680TC_LASER_ON(5,"T2D-7071",0,100);LTT2
N690X-0.243Y0.252
N700G03X-0.356Y0.003I-0.180J-0.174
N710G03I10.518J-10.518
N720TC_LASER_OFF(1);SCHNEIDENENDE
N730;(NUMER KONTURU:4)
N740G01X-129.482Y186.682
N750TC_LASER_ON(1,"T2D-7071",11,110);EINST/SCHN
N760X-0.237Y-4.858
N770TC_LASER_ON(5,"T2D-7071",0,100);LTT2
N780X-0.013Y-0.255
N790G03X0.250Y-0.262I0.250J-0.012
N800G03J5.375
N810TC_LASER_OFF(1);SCHNEIDENENDE
N820;(NUMER KONTURU:5)
N830G01X20.000Y-74.625
N840TC_LASER_ON(1,"T2D-7071",11,110);EINST/SCHN
N850X-0.237Y-4.858
N860TC_LASER_ON(5,"T2D-7071",0,100);LTT2
N870X-0.013Y-0.255
N880G03X0.250Y-0.262I0.250J-0.012
N890G03J5.375
N900TC_LASER_OFF(1);SCHNEIDENENDE
N910;(NUMER KONTURU:6)
N920G01Y-109.625
N930TC_LASER_ON(1,"T2D-7071",11,110);EINST/SCHN
N940X-0.237Y-4.858
N950TC_LASER_ON(5,"T2D-7071",0,100);LTT2
N960X-0.013Y-0.255
N970G03X0.250Y-0.262I0.250J-0.012
N980G03J5.375
N990TC_LASER_OFF(1);SCHNEIDENENDE
N1000;(NUMER KONTURU:7)
N1010G01Y-109.625
N1020TC_LASER_ON(1,"T2D-7071",11,110);EINST/SCHN
N1030X-0.237Y-4.858
N1040TC_LASER_ON(5,"T2D-7071",0,100);LTT2
N1050X-0.013Y-0.255
N1060G03X0.250Y-0.262I0.250J-0.012
N1070G03J5.375
N1080TC_LASER_OFF(1);SCHNEIDENENDE
N1090;(NUMER KONTURU:8)
N1100G01X-20.000Y-74.625
N1110TC_LASER_ON(1,"T2D-7071",11,110);EINST/SCHN
N1120X-4.857Y0.237
N1130TC_LASER_ON(5,"T2D-7071",0,100);LTT2
N1140X-0.256Y0.012
N1150G03X-0.262Y-0.249I-0.012J-0.250
N1160G03I5.375
N1170TC_LASER_OFF(1);SCHNEIDENENDE
N1180;(NUMER KONTURU:9)
N1190G01X-354.625Y80.000
N1200TC_LASER_ON(1,"T2D-7071",11,110);EINST/SCHN
N1210X0.237Y4.857
N1220TC_LASER_ON(5,"T2D-7071",0,100);LTT2
N1230X0.013Y0.255
N1240G03X-0.250Y0.263I-0.250J0.012
N1250G03J-5.375
N1260TC_LASER_OFF(1);SCHNEIDENENDE
N1270;(NUMER KONTURU:10)
N1280G01Y109.625
N1290TC_LASER_ON(1,"T2D-7071",11,110);EINST/SCHN
N1300X0.237Y4.857
N1310TC_LASER_ON(5,"T2D-7071",0,100);LTT2
N1320X0.013Y0.255
N1330G03X-0.250Y0.263I-0.250J0.012
N1340G03J-5.375
N1350TC_LASER_OFF(1);SCHNEIDENENDE
N1360;(NUMER KONTURU:11)
N1370G01Y109.625
N1380TC_LASER_ON(1,"T2D-7071",11,110);EINST/SCHN
N1390X-4.857Y0.237
N1400TC_LASER_ON(5,"T2D-7071",0,100);LTT2
N1410X-0.256Y0.012
N1420G03X-0.262Y-0.249I-0.012J-0.250
N1430G03I5.375
N1440TC_LASER_OFF(1);SCHNEIDENENDE
N1450;(NUMER KONTURU:12)
N1460G01X-416.625Y80.000
N1470TC_LASER_ON(1,"T2D-7071",11,110);EINST/SCHN
N1480X3.267Y-3.603
N1490TC_LASER_ON(5,"T2D-7071",0,100);LTT2
N1500X0.172Y-0.189
N1510G03X0.362Y-0.009I0.185J0.168
N1520G03I-3.801J3.801
N1530TC_LASER_OFF(1);SCHNEIDENENDE
N1540;(NUMER KONTURU:13)
N1550G01X38.199Y-76.199
N1560TC_LASER_ON(1,"T2D-7071",11,110);EINST/SCHN
N1570X-0.237Y-4.858
N1580TC_LASER_ON(5,"T2D-7071",0,100);LTT2
N1590X-0.013Y-0.255
N1600G03X0.250Y-0.262I0.250J-0.012
N1610G03J5.375
N1620TC_LASER_OFF(1);SCHNEIDENENDE
N1630;(NUMER KONTURU:14)
N1640G01Y-109.625
N1650TC_LASER_ON(1,"T2D-7071",11,110);EINST/SCHN
N1660X-0.237Y-4.858
N1670TC_LASER_ON(5,"T2D-7071",0,100);LTT2
N1680X-0.013Y-0.255
N1690G03X0.250Y-0.262I0.250J-0.012
N1700G03J5.375
N1710TC_LASER_OFF(1);SCHNEIDENENDE
N1720;(NUMER KONTURU:15)
N1730G01Y-109.625
N1740TC_LASER_ON(1,"T2D-7071",11,110);EINST/SCHN
N1750X-3.602Y-3.267
N1760TC_LASER_ON(5,"T2D-7071",0,100);LTT2
N1770X-0.190Y-0.172
N1780G03X-0.009Y-0.362I0.168J-0.185
N1790G03I3.801J3.801
N1800TC_LASER_OFF(1);SCHNEIDENENDE
N1810;(NUMER KONTURU:16)
N1820G01X-38.199Y-76.199
N1830TC_LASER_ON(1,"T2D-7071",11,110);EINST/SCHN
N1840X-3.267Y3.602
N1850TC_LASER_ON(5,"T2D-7071",0,100);LTT2
N1860X-0.172Y0.189
N1870G03X-0.362Y0.009I-0.185J-0.168
N1880G03I3.801J-3.801
N1890TC_LASER_OFF(1);SCHNEIDENENDE
N1900;(NUMER KONTURU:17)
N1910G01X-99.496Y194.481
N1920TC_LASER_ON(1,"T2D-7071",11,110);EINST/SCHN
N1930X-4.622Y4.782
N1940TC_LASER_ON(5,"T2D-7071",0,100);LTT2
N1950X-0.243Y0.252
N1960G03X-0.356Y0.003I-0.180J-0.174
N1970G03I10.518J-10.518
N1980TC_LASER_OFF(1);SCHNEIDENENDE
N1990;(NUMER KONTURU:18)
N2000G01X-37.482Y31.682
N2010TC_LASER_ON(1,"T2D-7071",11,110);EINST/SCHN
N2020X0.237Y4.857
N2030TC_LASER_ON(5,"T2D-7071",0,100);LTT2
N2040X0.013Y0.255
N2050G03X-0.250Y0.263I-0.250J0.012
N2060G03J-5.375
N2070TC_LASER_OFF(1);SCHNEIDENENDE
N2080;(NUMER KONTURU:19)
N2090G01X-39.125Y174.750
N2100TC_LASER_ON(1,"T2D-7071",11,110);EINST/SCHN
N2110X6.650
N2120TC_LASER_ON(5,"T2D-7071",0,100);LTT2
N2130X0.350
N2140X1179.250
N2150G02X1.000Y-1.000J-1.000
N2160G01Y-438.250
N2170G02X-1.000Y-1.000I-1.000
N2180G01X-1178.250
N2190G02X-1.000Y1.000J1.000
N2200G01Y439.250
N2210TC_LASER_OFF(1);SCHNEIDENENDE
N2220G01
N2230G90
N2240M17
N2250M02
STOP_TEXT
DA,'SP3ativm2310a10B','UP','',15.74,'LST',1,0
START_TEXT
N10 MSG("NUMER PODPROGRAMU,SP3ativm2310a10B")
N20G91
N30;(NUMER DETALU:19)
N40TC_POS_LEVEL(40.0)
N50;(NUMER KONTURU:1)
N60TC_POS_LEVEL(30.0)
N70TC_LASER_ON(11,"T2D-7071",0,500);KENNZ_SprintLine
N80X0.700Y1.250
N90Y-10.000
N100TC_LASER_OFF(3);KENNZ_SprintLine_ENDE
N110X-0.700
N120TC_LASER_ON(11,"T2D-7071",0,500);KENNZ_SprintLine
N130X1.399
N140TC_LASER_OFF(3);KENNZ_SprintLine_ENDE
N150X5.684
N160TC_LASER_ON(11,"T2D-7071",0,500);KENNZ_SprintLine
N170Y1.250
N180X-0.699
N190Y-1.250
N200X0.699
N210TC_LASER_OFF(3);KENNZ_SprintLine_ENDE
N220X5.684Y8.750
N230TC_LASER_ON(11,"T2D-7071",0,500);KENNZ_SprintLine
N240X0.700Y1.250
N250Y-10.000
N260TC_LASER_OFF(3);KENNZ_SprintLine_ENDE
N270X-0.700
N280TC_LASER_ON(11,"T2D-7071",0,500);KENNZ_SprintLine
N290X1.399
N300TC_LASER_OFF(3);KENNZ_SprintLine_ENDE
N310X3.585Y1.250
N320TC_LASER_ON(11,"T2D-7071",0,500);KENNZ_SprintLine
N330X0.700Y-1.250
N340X2.099
N350X0.699Y1.250
N360Y7.500
N370X-0.699Y1.250
N380X-2.099
N390X-0.700Y-1.250
N400Y-2.500
N410X0.700Y-1.250
N420X2.798
N430TC_POS_LEVEL(40.0)
N440TC_LASER_OFF(3);KENNZ_SprintLine_ENDE
N450;(NUMER KONTURU:2)
N460X-15.834Y233.910
N470TC_LASER_ON(1,"T2D-7071",11,110);EINST/SCHN
N480X-4.857Y0.237
N490TC_LASER_ON(5,"T2D-7071",0,100);LTT2
N500X-0.256Y0.012
N510G03X-0.262Y-0.249I-0.012J-0.250
N520G03I5.375
N530TC_LASER_OFF(1);SCHNEIDENENDE
N540;(NUMER KONTURU:3)
N550G01X-69.922Y5.481
N560TC_LASER_ON(1,"T2D-7071",11,110);EINST/SCHN
N570X-4.621Y4.782
N580TC_LASER_ON(5,"T2D-7071",0,100);LTT2
N590X-0.243Y0.252
N600G03X-0.357Y0.003I-0.180J-0.174
N610G03I10.518J-10.518
N620TC_LASER_OFF(1);SCHNEIDENENDE
N630;(NUMER KONTURU:4)
N640G01X-154.470Y214.482
N650TC_LASER_ON(1,"T2D-7071",11,110);EINST/SCHN
N660X-0.237Y-4.857
N670TC_LASER_ON(5,"T2D-7071",0,100);LTT2
N680X-0.013Y-0.256
N690G03X0.250Y-0.262I0.250J-0.012
N700G03J5.375
N710TC_LASER_OFF(1);SCHNEIDENENDE
N720;(NUMER KONTURU:5)
N730G01X14.988Y-74.625
N740TC_LASER_ON(1,"T2D-7071",11,110);EINST/SCHN
N750X-0.237Y-4.857
N760TC_LASER_ON(5,"T2D-7071",0,100);LTT2
N770X-0.013Y-0.256
N780G03X0.250Y-0.262I0.250J-0.012
N790G03J5.375
N800TC_LASER_OFF(1);SCHNEIDENENDE
N810;(NUMER KONTURU:6)
N820G01Y-139.625
N830TC_LASER_ON(1,"T2D-7071",11,110);EINST/SCHN
N840X-0.237Y-4.857
N850TC_LASER_ON(5,"T2D-7071",0,100);LTT2
N860X-0.013Y-0.256
N870G03X0.250Y-0.262I0.250J-0.012
N880G03J5.375
N890TC_LASER_OFF(1);SCHNEIDENENDE
N900;(NUMER KONTURU:7)
N910G01Y-139.625
N920TC_LASER_ON(1,"T2D-7071",11,110);EINST/SCHN
N930X-0.237Y-4.857
N940TC_LASER_ON(5,"T2D-7071",0,100);LTT2
N950X-0.013Y-0.256
N960G03X0.250Y-0.262I0.250J-0.012
N970G03J5.375
N980TC_LASER_OFF(1);SCHNEIDENENDE
N990;(NUMER KONTURU:8)
N1000G01X-14.988Y-74.625
N1010TC_LASER_ON(1,"T2D-7071",11,110);EINST/SCHN
N1020X-3.267Y3.602
N1030TC_LASER_ON(5,"T2D-7071",0,100);LTT2
N1040X-0.172Y0.190
N1050G03X-0.362Y0.008I-0.185J-0.168
N1060G03I3.801J-3.801
N1070TC_LASER_OFF(1);SCHNEIDENENDE
N1080;(NUMER KONTURU:9)
N1090G01X-207.211Y221.200
N1100TC_LASER_ON(1,"T2D-7071",11,110);EINST/SCHN
N1110X-3.267Y3.602
N1120TC_LASER_ON(5,"T2D-7071",0,100);LTT2
N1130X-0.172Y0.190
N1140G03X-0.361Y0.008I-0.185J-0.168
N1150G03I3.801J-3.801
N1160TC_LASER_OFF(1);SCHNEIDENENDE
N1170;(NUMER KONTURU:10)
N1180G01X-260.200Y141.200
N1190TC_LASER_ON(1,"T2D-7071",11,110);EINST/SCHN
N1200X-0.237Y-4.857
N1210TC_LASER_ON(5,"T2D-7071",0,100);LTT2
N1220X-0.013Y-0.256
N1230G03X0.250Y-0.262I0.250J-0.012
N1240G03J5.375
N1250TC_LASER_OFF(1);SCHNEIDENENDE
N1260;(NUMER KONTURU:11)
N1270G01Y-139.625
N1280TC_LASER_ON(1,"T2D-7071",11,110);EINST/SCHN
N1290X-0.237Y-4.857
N1300TC_LASER_ON(5,"T2D-7071",0,100);LTT2
N1310X-0.013Y-0.256
N1320G03X0.250Y-0.262I0.250J-0.012
N1330G03J5.375
N1340TC_LASER_OFF(1);SCHNEIDENENDE
N1350;(NUMER KONTURU:12)
N1360G01Y-139.625
N1370TC_LASER_ON(1,"T2D-7071",11,110);EINST/SCHN
N1380X-3.267Y3.602
N1390TC_LASER_ON(5,"T2D-7071",0,100);LTT2
N1400X-0.172Y0.190
N1410G03X-0.361Y0.008I-0.185J-0.168
N1420G03I3.801J-3.801
N1430TC_LASER_OFF(1);SCHNEIDENENDE
N1440;(NUMER KONTURU:13)
N1450G01X-262.200Y141.200
N1460TC_LASER_ON(1,"T2D-7071",11,110);EINST/SCHN
N1470X-3.267Y3.602
N1480TC_LASER_ON(5,"T2D-7071",0,100);LTT2
N1490X-0.172Y0.190
N1500G03X-0.361Y0.008I-0.185J-0.168
N1510G03I3.801J-3.801
N1520TC_LASER_OFF(1);SCHNEIDENENDE
N1530;(NUMER KONTURU:14)
N1540G01X-210.188Y221.200
N1550TC_LASER_ON(1,"T2D-7071",11,110);EINST/SCHN
N1560X-0.237Y-4.857
N1570TC_LASER_ON(5,"T2D-7071",0,100);LTT2
N1580X-0.013Y-0.256
N1590G03X0.250Y-0.262I0.250J-0.012
N1600G03J5.375
N1610TC_LASER_OFF(1);SCHNEIDENENDE
N1620;(NUMER KONTURU:15)
N1630G01X-10.012Y-74.625
N1640TC_LASER_ON(1,"T2D-7071",11,110);EINST/SCHN
N1650X-0.237Y-4.857
N1660TC_LASER_ON(5,"T2D-7071",0,100);LTT2
N1670X-0.013Y-0.256
N1680G03X0.250Y-0.262I0.250J-0.012
N1690G03J5.375
N1700TC_LASER_OFF(1);SCHNEIDENENDE
N1710;(NUMER KONTURU:16)
N1720G01Y-139.625
N1730TC_LASER_ON(1,"T2D-7071",11,110);EINST/SCHN
N1740X-0.237Y-4.857
N1750TC_LASER_ON(5,"T2D-7071",0,100);LTT2
N1760X-0.013Y-0.256
N1770G03X0.250Y-0.262I0.250J-0.012
N1780G03J5.375
N1790TC_LASER_OFF(1);SCHNEIDENENDE
N1800;(NUMER KONTURU:17)
N1810G01Y-139.625
N1820TC_LASER_ON(1,"T2D-7071",11,110);EINST/SCHN
N1830X-0.237Y-4.857
N1840TC_LASER_ON(5,"T2D-7071",0,100);LTT2
N1850X-0.013Y-0.256
N1860G03X0.250Y-0.262I0.250J-0.012
N1870G03J5.375
N1880TC_LASER_OFF(1);SCHNEIDENENDE
N1890;(NUMER KONTURU:18)
N1900G01X10.012Y-74.625
N1910TC_LASER_ON(1,"T2D-7071",11,110);EINST/SCHN
N1920X-3.267Y3.602
N1930TC_LASER_ON(5,"T2D-7071",0,100);LTT2
N1940X-0.172Y0.190
N1950G03X-0.362Y0.008I-0.185J-0.168
N1960G03I3.801J-3.801
N1970TC_LASER_OFF(1);SCHNEIDENENDE
N1980;(NUMER KONTURU:19)
N1990G01X-143.833Y221.330
N2000TC_LASER_ON(1,"T2D-7071",11,110);EINST/SCHN
N2010X-6.649Y0.114
N2020TC_LASER_ON(5,"T2D-7071",0,100);LTT2
N2030X-0.350Y0.006
N2040G03X-0.254Y-0.250I-0.004J-0.250
N2050G03I14.875
N2060TC_LASER_OFF(1);SCHNEIDENENDE
N2070;(NUMER KONTURU:20)
N2080G01X-81.125
N2090TC_LASER_ON(1,"T2D-7071",11,110);EINST/SCHN
N2100X0.237Y4.857
N2110TC_LASER_ON(5,"T2D-7071",0,100);LTT2
N2120X0.013Y0.255
N2130G03X-0.250Y0.263I-0.250J0.012
N2140G03J-5.375
N2150TC_LASER_OFF(1);SCHNEIDENENDE
N2160;(NUMER KONTURU:21)
N2170G01X-31.125Y244.750
N2180TC_LASER_ON(1,"T2D-7071",11,110);EINST/SCHN
N2190X6.650
N2200TC_LASER_ON(5,"T2D-7071",0,100);LTT2
N2210X0.350
N2220X1480.250
N2230Y-500.250
N2240X-1480.250
N2250Y500.250
N2260TC_LASER_OFF(1);SCHNEIDENENDE
N2270G01
N2280G90
N2290M17
N2300M02
STOP_TEXT
DA,'ativm2310a10B','HP','',94.61,'LST',1,0
START_TEXT
N10 MSG("NUMER PROGRAMU G흉NEGO,ativm2310a10B")
N20 MSG("TRUTOPS LASER V08.01.01 B471 - TruLaser 5030 classic - SIEMENS")
N30 MSG("WYMIARY ARKUSZA BLACHY 10.00 X 3000.00 X 1500.00 ")
N40;(DATA: 23.10.2019 GODZINA: 14:58:40)
N50G71
N60F282000
N70TC_MICROJOINT("MIJO-1")
N80TC_PCS_PIERCE
N90;(NAZWA ARKUSZA: Z:\2019\ACTIVEMONTAGE\23-10-2019\ATIVM2310A10B.LST)
N100;(NAZWA TRANSFERU: ATIVM2310A10B.LST PRZEBIEGI PROGRAMU: 1)
N110;(MASZYNA L3050 TYP: 1)
N120;(STEROWANIE: SIN 840D WERSJA:)
N130TC_POS_LEVEL(40.0)
N140TC_SHEET_TECH("SHT-1");BLECHLAGE
N150TC_SHEET_LOAD("SHL-1")
N160;GOTOF ENTRY_LASER
N170;ENTRY_LASER:
N180;(NUMER DETALU:28 NR BIE신CY: 1 )
N190X18.701Y35.024
N200ROT RPL=270.00
N210SP1ativm2310a10B
N220ROT
N230TC_PART_END(1)
N240;ENTRY_LASER:
N250;(NUMER DETALU:62 NR BIE신CY: 1 )
N260X22.875Y108.455
N270ROT RPL=270.00
N280SP2ativm2310a10B
N290ROT
N300TC_PART_END(2)
N310;ENTRY_LASER:
N320;(NUMER DETALU:19 NR BIE신CY: 1 )
N330X475.340Y39.915
N340ROT RPL=270.00
N350SP3ativm2310a10B
N360ROT
N370TC_PART_END(3)
N380;ENTRY_LASER:
N390;(NUMER DETALU:19 NR BIE신CY: 2 )
N400X985.340Y39.915
N410ROT RPL=270.00
N420SP3ativm2310a10B
N430ROT
N440TC_PART_END(4)
N450;ENTRY_LASER:
N460;(NUMER DETALU:19 NR BIE신CY: 3 )
N470X1495.340Y39.915
N480ROT RPL=270.00
N490SP3ativm2310a10B
N500ROT
N510TC_PART_END(5)
N520;ENTRY_LASER:
N530;(NUMER DETALU:19 NR BIE신CY: 4 )
N540X2005.340Y39.915
N550ROT RPL=270.00
N560SP3ativm2310a10B
N570ROT
N580TC_PART_END(6)
N590;ENTRY_LASER:
N600;(NUMER DETALU:19 NR BIE신CY: 5 )
N610X2515.340Y39.915
N620ROT RPL=270.00
N630SP3ativm2310a10B
N640ROT
N650TC_PART_END(7)
N660TC_LASER_OFF(2)
N670TC_PART_END(-1)
N680M30
STOP_TEXT
C
ENDE_PROGRAMM
C
ED
